Load "c:\\绿能\\绿能软件\\MDK-ARM\\Objects\\lnDash.axf" 
* JLink Info: Device "CORTEX-M0" selected.
Set JLink Project File to "c:\绿能\绿能软件\MDK-ARM\JLinkSettings.ini"* JLink Info: Device "CORTEX-M0" selected.

JLink info:
------------
DLL: V6.86a, compiled Sep 28 2020 15:02:50
Firmware: J-Link V9 compiled May  7 2021 16:26:12
Hardware: V9.40
S/N : 69404431 
Feature(s) : RDI, GDB, FlashDL, FlashBP, JFlash 

* JLink Info: Found SW-DP with ID 0x0BB11477
* JLink Info: DPIDR: 0x0BB11477
* JLink Info: Scanning AP map to find all available APs
* JLink Info: AP[1]: Stopped AP scan as end of AP map has been reached
* JLink Info: AP[0]: AHB-AP (IDR: 0x04770021)
* JLink Info: Iterating through AP map to find AHB-AP to use
* JLink Info: AP[0]: Core found
* JLink Info: AP[0]: AHB-AP ROM base: 0xE00FF000
* JLink Info: CPUID register: 0x410CC300. Implementer code: 0x41 (ARM)
* JLink Info: Unknown core, assuming Cortex-M0
* JLink Info: Found Cortex-M0 r0p0, Little endian.
* JLink Info: FPUnit: 4 code (BP) slots and 0 literal slots
* JLink Info: CoreSight components:
* JLink Info: ROMTbl[0] @ E00FF000
* JLink Info: ROMTbl[0][0]: E000E000, CID: B105E00D, PID: 000BB00D ???
* JLink Info: ROMTbl[0][1]: E0001000, CID: B105E00D, PID: 000BB00A DWT
* JLink Info: ROMTbl[0][2]: E0002000, CID: B105E00D, PID: 000BB00B FPB
ROMTableAddr = 0xE00FF000
* JLink Info: Reset: Halt core after reset via DEMCR.VC_CORERESET.
* JLink Info: Reset: Reset device via reset pin

Target info:
------------
Device: FM33LG02X
VTarget = 3.301V
State of Pins: TCK: 0, TDI: 0, TDO: 0, TMS: 1, TRES: 1, TRST: 0
Hardware-Breakpoints: 4
Software-Breakpoints: 8192
Watchpoints:          1
JTAG speed: 2000 kHz

Erase Done.Programming Done.Verify OK.* JLink Info: Reset: Halt core after reset via DEMCR.VC_CORERESET.
* JLink Info: Reset: Reset device via reset pin
Application running ...
Flash Load finished at 08:49:04
